2026-05-20 08:40:05 SCAN project/ user=system
2026-05-20 08:41:01 OPEN project/draft_report.md user=jimin
2026-05-20 08:41:30 OPEN project/assets/screen-main.png user=sora
2026-05-20 08:42:10 OPEN project/src/submit.py user=minho
2026-05-20 08:43:03 SAVE project/draft_report.md user=jimin
2026-05-20 08:44:12 UPLOAD project/assets/screen-main.png user=sora
2026-05-20 08:45:00 SCAN project/ user=system
2026-05-20 08:46:22 OPEN project/src/config.py user=minho
2026-05-20 08:47:18 SAVE project/draft_report.md user=jimin
2026-05-20 08:48:05 OPEN project/draft_report.md user=jimin
2026-05-20 08:49:07 SAVE project/draft_report.md user=jimin
2026-05-20 08:50:07 UPLOAD project/assets/team-photo.png user=sora
2026-05-20 08:50:29 OPEN project/src/submit.py user=minho
2026-05-20 08:51:02 UPLOAD project/final_report.md user=sora
2026-05-20 08:51:20 CHECK project/final_report.md user=system
2026-05-20 08:52:03 OPEN project/final_report.md user=jimin
2026-05-20 08:52:41 OPEN project/final_report.md user=minho
2026-05-20 08:53:11 COPY project/final_report.md project/final_report_backup.md user=system
2026-05-20 08:54:06 OPEN project/draft_report.md user=jimin
2026-05-20 08:54:39 SAVE project/draft_report.md user=jimin
2026-05-20 08:55:03 OPEN project/final_report.md user=sora
2026-05-20 08:55:33 LIST project/ user=minho
2026-05-20 08:55:50 RENAME project/final-report.md project/final_report.md user=minho status=failed
2026-05-20 08:56:01 FILE_EVENT target=project/final_report.md user=minho action=cleanup result=removed
2026-05-20 08:56:18 CHECK project/final_report.md user=sora status=missing
2026-05-20 08:57:02 CHECK project/final_report.md user=jimin status=missing
2026-05-20 08:57:44 LIST project/ user=minho
2026-05-20 08:58:03 CHECK submit/status user=sora status=missing_final_report
2026-05-20 08:58:20 RESTORE project/final_report.md user=admin source=backup
2026-05-20 08:59:10 OPEN project/draft_report.md user=jimin
2026-05-20 09:00:00 BACKUP evidence/ user=admin

